[41;37m./luci-app-cifsd: has no/multi config file(s), skipping...[0m
[41;37m./luci-app-cifsd: has no/multi config file(s), skipping...[0m
[41;37m./luci-app-cifsd: has no/multi config file(s), skipping...[0m
[41;37m./luci-app-cifsd: has no/multi config file(s), skipping...[0m
[41;37m./luci-app-cifsd: has no/multi config file(s), skipping...[0m
[41;37m./luci-app-ddnsto: has no/multi config file(s), skipping...[0m
[41;37m./luci-app-ddnsto: has no/multi config file(s), skipping...[0m
[41;37m./luci-app-ddnsto: has no/multi config file(s), skipping...[0m
[41;37m./luci-app-ddnsto: has no/multi config file(s), skipping...[0m
[41;37m./luci-app-ddnsto: has no/multi config file(s), skipping...[0m
[41;37m./luci-app-diskman: has no/multi config file(s), skipping...[0m
[41;37m./luci-app-diskman: has no/multi config file(s), skipping...[0m
[41;37m./luci-app-dnscrypt-proxy2: has no/multi config file(s), skipping...[0m
[41;37m./luci-app-dnscrypt-proxy2: has no/multi config file(s), skipping...[0m
[41;37m./luci-app-dnscrypt-proxy2: has no/multi config file(s), skipping...[0m
[41;37m./luci-app-dnscrypt-proxy2: has no/multi config file(s), skipping...[0m
[41;37m./luci-app-dnscrypt-proxy2: has no/multi config file(s), skipping...[0m
[41;37m./luci-app-dnscrypt-proxy2: has no/multi config file(s), skipping...[0m
[41;37m./luci-app-dnsmasq-ipset: has no/multi config file(s), skipping...[0m
[41;37m./luci-app-dnsmasq-ipset: has no/multi config file(s), skipping...[0m
[41;37m./luci-app-dnsmasq-ipset: has no/multi config file(s), skipping...[0m
[41;37m./luci-app-dnsmasq-ipset: has no/multi config file(s), skipping...[0m
[41;37m./luci-app-dnsmasq-ipset: has no/multi config file(s), skipping...[0m
[41;37m./luci-app-dnsmasq-ipset: has no/multi config file(s), skipping...[0m
[41;37m./luci-app-dnsmasq-ipset: has no/multi config file(s), skipping...[0m
[41;37m./luci-app-fileassistant: has no/multi config file(s), skipping...[0m
[41;37m./luci-app-fileassistant: has no/multi config file(s), skipping...[0m
[41;37m./luci-app-fileassistant: has no/multi config file(s), skipping...[0m
[41;37m./luci-app-fileassistant: has no/multi config file(s), skipping...[0m
[41;37m./luci-app-filetransfer: has no/multi config file(s), skipping...[0m
[41;37m./luci-app-filetransfer: has no/multi config file(s), skipping...[0m
[41;37m./luci-app-filetransfer: has no/multi config file(s), skipping...[0m
[41;37m./luci-app-filetransfer: has no/multi config file(s), skipping...[0m
[41;37m./luci-app-koolproxyR: has no/multi config file(s), skipping...[0m
[41;37m./luci-app-koolproxyR: has no/multi config file(s), skipping...[0m
[41;37m./luci-app-koolproxyR: has no/multi config file(s), skipping...[0m
[41;37m./luci-app-koolproxyR: has no/multi config file(s), skipping...[0m
[41;37m./luci-app-koolproxyR: has no/multi config file(s), skipping...[0m
[41;37m./luci-app-koolproxyR: has no/multi config file(s), skipping...[0m
[41;37m./luci-app-mtwifi: has no/multi config file(s), skipping...[0m
[41;37m./luci-app-mtwifi: has no/multi config file(s), skipping...[0m
[41;37m./luci-app-mtwifi: has no/multi config file(s), skipping...[0m
[41;37m./luci-app-mtwifi: has no/multi config file(s), skipping...[0m
[41;37m./luci-app-netdata: has no/multi config file(s), skipping...[0m
[41;37m./luci-app-netdata: has no/multi config file(s), skipping...[0m
[41;37m./luci-app-netdata: has no/multi config file(s), skipping...[0m
[41;37m./luci-app-netdata: has no/multi config file(s), skipping...[0m
[41;37m./luci-app-netdata: has no/multi config file(s), skipping...[0m
[41;37m./luci-app-netdata: has no/multi config file(s), skipping...[0m
[41;37m./luci-app-nft-qos: has no/multi config file(s), skipping...[0m
[41;37m./luci-app-nft-qos: has no/multi config file(s), skipping...[0m
[41;37m./luci-app-nft-qos: has no/multi config file(s), skipping...[0m
[41;37m./luci-app-nft-qos: has no/multi config file(s), skipping...[0m
[41;37m./luci-app-oaf: has no/multi config file(s), skipping...[0m
[41;37m./luci-app-oaf: has no/multi config file(s), skipping...[0m
[41;37m./luci-app-oaf: has no/multi config file(s), skipping...[0m
[41;37m./luci-app-oaf: has no/multi config file(s), skipping...[0m
[41;37m./luci-app-oaf: has no/multi config file(s), skipping...[0m
[41;37m./luci-app-oaf: has no/multi config file(s), skipping...[0m
[41;37m./luci-app-onliner: has no/multi config file(s), skipping...[0m
[41;37m./luci-app-onliner: has no/multi config file(s), skipping...[0m
[41;37m./luci-app-onliner: has no/multi config file(s), skipping...[0m
[41;37m./luci-app-onliner: has no/multi config file(s), skipping...[0m
[41;37m./luci-app-onliner: has no/multi config file(s), skipping...[0m
[41;37m./luci-app-poweroff: has no/multi config file(s), skipping...[0m
[41;37m./luci-app-poweroff: has no/multi config file(s), skipping...[0m
[41;37m./luci-app-poweroff: has no/multi config file(s), skipping...[0m
[41;37m./luci-app-poweroff: has no/multi config file(s), skipping...[0m
[41;37m./luci-app-poweroff: has no/multi config file(s), skipping...[0m
[41;37m./luci-app-poweroff: has no/multi config file(s), skipping...[0m
[41;37m./luci-app-ramfree: has no/multi config file(s), skipping...[0m
[41;37m./luci-app-ramfree: has no/multi config file(s), skipping...[0m
[41;37m./luci-app-ramfree: has no/multi config file(s), skipping...[0m
[41;37m./luci-app-ramfree: has no/multi config file(s), skipping...[0m
[41;37m./luci-app-smstool: has no/multi config file(s), skipping...[0m
[41;37m./luci-app-smstool: has no/multi config file(s), skipping...[0m
[41;37m./luci-app-smstool: has no/multi config file(s), skipping...[0m
[41;37m./luci-app-sysuh3c: has no/multi config file(s), skipping...[0m
[41;37m./luci-app-sysuh3c: has no/multi config file(s), skipping...[0m
[41;37m./luci-app-sysuh3c: has no/multi config file(s), skipping...[0m
[41;37m./luci-app-terminal: has no/multi config file(s), skipping...[0m
[41;37m./luci-app-terminal: has no/multi config file(s), skipping...[0m
[41;37m./luci-app-terminal: has no/multi config file(s), skipping...[0m
[41;37m./luci-app-terminal: has no/multi config file(s), skipping...[0m
[41;37m./luci-app-terminal: has no/multi config file(s), skipping...[0m
[41;37m./luci-app-ttyd: has no/multi config file(s), skipping...[0m
[41;37m./luci-app-ttyd: has no/multi config file(s), skipping...[0m
[41;37m./luci-app-ttyd: has no/multi config file(s), skipping...[0m
[41;37m./luci-app-ttyd: has no/multi config file(s), skipping...[0m
[41;37m./luci-app-cifsd: has no/multi config file(s), skipping...[0m
[41;37m./luci-app-cifsd: has no/multi config file(s), skipping...[0m
[41;37m./luci-app-cifsd: has no/multi config file(s), skipping...[0m
[41;37m./luci-app-cifsd: has no/multi config file(s), skipping...[0m
[41;37m./luci-app-cifsd: has no/multi config file(s), skipping...[0m
[41;37m./luci-app-ddnsto: has no/multi config file(s), skipping...[0m
[41;37m./luci-app-ddnsto: has no/multi config file(s), skipping...[0m
[41;37m./luci-app-ddnsto: has no/multi config file(s), skipping...[0m
[41;37m./luci-app-ddnsto: has no/multi config file(s), skipping...[0m
[41;37m./luci-app-ddnsto: has no/multi config file(s), skipping...[0m
[41;37m./luci-app-diskman: has no/multi config file(s), skipping...[0m
[41;37m./luci-app-diskman: has no/multi config file(s), skipping...[0m
[41;37m./luci-app-dnscrypt-proxy2: has no/multi config file(s), skipping...[0m
[41;37m./luci-app-dnscrypt-proxy2: has no/multi config file(s), skipping...[0m
[41;37m./luci-app-dnscrypt-proxy2: has no/multi config file(s), skipping...[0m
[41;37m./luci-app-dnscrypt-proxy2: has no/multi config file(s), skipping...[0m
[41;37m./luci-app-dnscrypt-proxy2: has no/multi config file(s), skipping...[0m
[41;37m./luci-app-dnscrypt-proxy2: has no/multi config file(s), skipping...[0m
[41;37m./luci-app-dnsmasq-ipset: has no/multi config file(s), skipping...[0m
[41;37m./luci-app-dnsmasq-ipset: has no/multi config file(s), skipping...[0m
[41;37m./luci-app-dnsmasq-ipset: has no/multi config file(s), skipping...[0m
[41;37m./luci-app-dnsmasq-ipset: has no/multi config file(s), skipping...[0m
[41;37m./luci-app-dnsmasq-ipset: has no/multi config file(s), skipping...[0m
[41;37m./luci-app-dnsmasq-ipset: has no/multi config file(s), skipping...[0m
[41;37m./luci-app-dnsmasq-ipset: has no/multi config file(s), skipping...[0m
[41;37m./luci-app-fileassistant: has no/multi config file(s), skipping...[0m
[41;37m./luci-app-fileassistant: has no/multi config file(s), skipping...[0m
[41;37m./luci-app-fileassistant: has no/multi config file(s), skipping...[0m
[41;37m./luci-app-fileassistant: has no/multi config file(s), skipping...[0m
[41;37m./luci-app-filetransfer: has no/multi config file(s), skipping...[0m
[41;37m./luci-app-filetransfer: has no/multi config file(s), skipping...[0m
[41;37m./luci-app-filetransfer: has no/multi config file(s), skipping...[0m
[41;37m./luci-app-filetransfer: has no/multi config file(s), skipping...[0m
[41;37m./luci-app-koolproxyR: has no/multi config file(s), skipping...[0m
[41;37m./luci-app-koolproxyR: has no/multi config file(s), skipping...[0m
[41;37m./luci-app-koolproxyR: has no/multi config file(s), skipping...[0m
[41;37m./luci-app-koolproxyR: has no/multi config file(s), skipping...[0m
[41;37m./luci-app-koolproxyR: has no/multi config file(s), skipping...[0m
[41;37m./luci-app-koolproxyR: has no/multi config file(s), skipping...[0m
[41;37m./luci-app-mtwifi: has no/multi config file(s), skipping...[0m
[41;37m./luci-app-mtwifi: has no/multi config file(s), skipping...[0m
[41;37m./luci-app-mtwifi: has no/multi config file(s), skipping...[0m
[41;37m./luci-app-mtwifi: has no/multi config file(s), skipping...[0m
[41;37m./luci-app-netdata: has no/multi config file(s), skipping...[0m
[41;37m./luci-app-netdata: has no/multi config file(s), skipping...[0m
[41;37m./luci-app-netdata: has no/multi config file(s), skipping...[0m
[41;37m./luci-app-netdata: has no/multi config file(s), skipping...[0m
[41;37m./luci-app-netdata: has no/multi config file(s), skipping...[0m
[41;37m./luci-app-netdata: has no/multi config file(s), skipping...[0m
[41;37m./luci-app-nft-qos: has no/multi config file(s), skipping...[0m
[41;37m./luci-app-nft-qos: has no/multi config file(s), skipping...[0m
[41;37m./luci-app-nft-qos: has no/multi config file(s), skipping...[0m
[41;37m./luci-app-nft-qos: has no/multi config file(s), skipping...[0m
[41;37m./luci-app-oaf: has no/multi config file(s), skipping...[0m
[41;37m./luci-app-oaf: has no/multi config file(s), skipping...[0m
[41;37m./luci-app-oaf: has no/multi config file(s), skipping...[0m
[41;37m./luci-app-oaf: has no/multi config file(s), skipping...[0m
[41;37m./luci-app-oaf: has no/multi config file(s), skipping...[0m
[41;37m./luci-app-oaf: has no/multi config file(s), skipping...[0m
[41;37m./luci-app-onliner: has no/multi config file(s), skipping...[0m
[41;37m./luci-app-onliner: has no/multi config file(s), skipping...[0m
[41;37m./luci-app-onliner: has no/multi config file(s), skipping...[0m
[41;37m./luci-app-onliner: has no/multi config file(s), skipping...[0m
[41;37m./luci-app-onliner: has no/multi config file(s), skipping...[0m
[41;37m./luci-app-poweroff: has no/multi config file(s), skipping...[0m
[41;37m./luci-app-poweroff: has no/multi config file(s), skipping...[0m
[41;37m./luci-app-poweroff: has no/multi config file(s), skipping...[0m
[41;37m./luci-app-poweroff: has no/multi config file(s), skipping...[0m
[41;37m./luci-app-poweroff: has no/multi config file(s), skipping...[0m
[41;37m./luci-app-poweroff: has no/multi config file(s), skipping...[0m
[41;37m./luci-app-ramfree: has no/multi config file(s), skipping...[0m
[41;37m./luci-app-ramfree: has no/multi config file(s), skipping...[0m
[41;37m./luci-app-ramfree: has no/multi config file(s), skipping...[0m
[41;37m./luci-app-ramfree: has no/multi config file(s), skipping...[0m
[41;37m./luci-app-smstool: has no/multi config file(s), skipping...[0m
[41;37m./luci-app-smstool: has no/multi config file(s), skipping...[0m
[41;37m./luci-app-smstool: has no/multi config file(s), skipping...[0m
[41;37m./luci-app-sysuh3c: has no/multi config file(s), skipping...[0m
[41;37m./luci-app-sysuh3c: has no/multi config file(s), skipping...[0m
[41;37m./luci-app-sysuh3c: has no/multi config file(s), skipping...[0m
[41;37m./luci-app-terminal: has no/multi config file(s), skipping...[0m
[41;37m./luci-app-terminal: has no/multi config file(s), skipping...[0m
[41;37m./luci-app-terminal: has no/multi config file(s), skipping...[0m
[41;37m./luci-app-terminal: has no/multi config file(s), skipping...[0m
[41;37m./luci-app-terminal: has no/multi config file(s), skipping...[0m
[41;37m./luci-app-ttyd: has no/multi config file(s), skipping...[0m
[41;37m./luci-app-ttyd: has no/multi config file(s), skipping...[0m
[41;37m./luci-app-ttyd: has no/multi config file(s), skipping...[0m
[41;37m./luci-app-ttyd: has no/multi config file(s), skipping...[0m
[41;37m./luci-app-cifsd: has no/multi config file(s), skipping...[0m
[41;37m./luci-app-cifsd: has no/multi config file(s), skipping...[0m
[41;37m./luci-app-cifsd: has no/multi config file(s), skipping...[0m
[41;37m./luci-app-cifsd: has no/multi config file(s), skipping...[0m
[41;37m./luci-app-cifsd: has no/multi config file(s), skipping...[0m
[41;37m./luci-app-ddnsto: has no/multi config file(s), skipping...[0m
[41;37m./luci-app-ddnsto: has no/multi config file(s), skipping...[0m
[41;37m./luci-app-ddnsto: has no/multi config file(s), skipping...[0m
[41;37m./luci-app-ddnsto: has no/multi config file(s), skipping...[0m
[41;37m./luci-app-ddnsto: has no/multi config file(s), skipping...[0m
[41;37m./luci-app-diskman: has no/multi config file(s), skipping...[0m
[41;37m./luci-app-diskman: has no/multi config file(s), skipping...[0m
[41;37m./luci-app-dnscrypt-proxy2: has no/multi config file(s), skipping...[0m
[41;37m./luci-app-dnscrypt-proxy2: has no/multi config file(s), skipping...[0m
[41;37m./luci-app-dnscrypt-proxy2: has no/multi config file(s), skipping...[0m
[41;37m./luci-app-dnscrypt-proxy2: has no/multi config file(s), skipping...[0m
[41;37m./luci-app-dnscrypt-proxy2: has no/multi config file(s), skipping...[0m
[41;37m./luci-app-dnscrypt-proxy2: has no/multi config file(s), skipping...[0m
[41;37m./luci-app-dnsmasq-ipset: has no/multi config file(s), skipping...[0m
[41;37m./luci-app-dnsmasq-ipset: has no/multi config file(s), skipping...[0m
[41;37m./luci-app-dnsmasq-ipset: has no/multi config file(s), skipping...[0m
[41;37m./luci-app-dnsmasq-ipset: has no/multi config file(s), skipping...[0m
[41;37m./luci-app-dnsmasq-ipset: has no/multi config file(s), skipping...[0m
[41;37m./luci-app-dnsmasq-ipset: has no/multi config file(s), skipping...[0m
[41;37m./luci-app-dnsmasq-ipset: has no/multi config file(s), skipping...[0m
[41;37m./luci-app-fileassistant: has no/multi config file(s), skipping...[0m
[41;37m./luci-app-fileassistant: has no/multi config file(s), skipping...[0m
[41;37m./luci-app-fileassistant: has no/multi config file(s), skipping...[0m
[41;37m./luci-app-fileassistant: has no/multi config file(s), skipping...[0m
[41;37m./luci-app-filetransfer: has no/multi config file(s), skipping...[0m
[41;37m./luci-app-filetransfer: has no/multi config file(s), skipping...[0m
[41;37m./luci-app-filetransfer: has no/multi config file(s), skipping...[0m
[41;37m./luci-app-filetransfer: has no/multi config file(s), skipping...[0m
[41;37m./luci-app-koolproxyR: has no/multi config file(s), skipping...[0m
[41;37m./luci-app-koolproxyR: has no/multi config file(s), skipping...[0m
[41;37m./luci-app-koolproxyR: has no/multi config file(s), skipping...[0m
[41;37m./luci-app-koolproxyR: has no/multi config file(s), skipping...[0m
[41;37m./luci-app-koolproxyR: has no/multi config file(s), skipping...[0m
[41;37m./luci-app-koolproxyR: has no/multi config file(s), skipping...[0m
[41;37m./luci-app-mtwifi: has no/multi config file(s), skipping...[0m
[41;37m./luci-app-mtwifi: has no/multi config file(s), skipping...[0m
[41;37m./luci-app-mtwifi: has no/multi config file(s), skipping...[0m
[41;37m./luci-app-mtwifi: has no/multi config file(s), skipping...[0m
[41;37m./luci-app-netdata: has no/multi config file(s), skipping...[0m
[41;37m./luci-app-netdata: has no/multi config file(s), skipping...[0m
[41;37m./luci-app-netdata: has no/multi config file(s), skipping...[0m
[41;37m./luci-app-netdata: has no/multi config file(s), skipping...[0m
[41;37m./luci-app-netdata: has no/multi config file(s), skipping...[0m
[41;37m./luci-app-netdata: has no/multi config file(s), skipping...[0m
[41;37m./luci-app-nft-qos: has no/multi config file(s), skipping...[0m
[41;37m./luci-app-nft-qos: has no/multi config file(s), skipping...[0m
[41;37m./luci-app-nft-qos: has no/multi config file(s), skipping...[0m
[41;37m./luci-app-nft-qos: has no/multi config file(s), skipping...[0m
[41;37m./luci-app-oaf: has no/multi config file(s), skipping...[0m
[41;37m./luci-app-oaf: has no/multi config file(s), skipping...[0m
[41;37m./luci-app-oaf: has no/multi config file(s), skipping...[0m
[41;37m./luci-app-oaf: has no/multi config file(s), skipping...[0m
[41;37m./luci-app-oaf: has no/multi config file(s), skipping...[0m
[41;37m./luci-app-oaf: has no/multi config file(s), skipping...[0m
[41;37m./luci-app-onliner: has no/multi config file(s), skipping...[0m
[41;37m./luci-app-onliner: has no/multi config file(s), skipping...[0m
[41;37m./luci-app-onliner: has no/multi config file(s), skipping...[0m
[41;37m./luci-app-onliner: has no/multi config file(s), skipping...[0m
[41;37m./luci-app-onliner: has no/multi config file(s), skipping...[0m
[41;37m./luci-app-poweroff: has no/multi config file(s), skipping...[0m
[41;37m./luci-app-poweroff: has no/multi config file(s), skipping...[0m
[41;37m./luci-app-poweroff: has no/multi config file(s), skipping...[0m
[41;37m./luci-app-poweroff: has no/multi config file(s), skipping...[0m
[41;37m./luci-app-poweroff: has no/multi config file(s), skipping...[0m
[41;37m./luci-app-poweroff: has no/multi config file(s), skipping...[0m
[41;37m./luci-app-ramfree: has no/multi config file(s), skipping...[0m
[41;37m./luci-app-ramfree: has no/multi config file(s), skipping...[0m
[41;37m./luci-app-ramfree: has no/multi config file(s), skipping...[0m
[41;37m./luci-app-ramfree: has no/multi config file(s), skipping...[0m
[41;37m./luci-app-smstool: has no/multi config file(s), skipping...[0m
[41;37m./luci-app-smstool: has no/multi config file(s), skipping...[0m
[41;37m./luci-app-smstool: has no/multi config file(s), skipping...[0m
[41;37m./luci-app-sysuh3c: has no/multi config file(s), skipping...[0m
[41;37m./luci-app-sysuh3c: has no/multi config file(s), skipping...[0m
[41;37m./luci-app-sysuh3c: has no/multi config file(s), skipping...[0m
[41;37m./luci-app-terminal: has no/multi config file(s), skipping...[0m
[41;37m./luci-app-terminal: has no/multi config file(s), skipping...[0m
[41;37m./luci-app-terminal: has no/multi config file(s), skipping...[0m
[41;37m./luci-app-terminal: has no/multi config file(s), skipping...[0m
[41;37m./luci-app-terminal: has no/multi config file(s), skipping...[0m
[41;37m./luci-app-ttyd: has no/multi config file(s), skipping...[0m
[41;37m./luci-app-ttyd: has no/multi config file(s), skipping...[0m
[41;37m./luci-app-ttyd: has no/multi config file(s), skipping...[0m
[41;37m./luci-app-ttyd: has no/multi config file(s), skipping...[0m
[41;37m./luci-app-cifsd: has no/multi config file(s), skipping...[0m
[41;37m./luci-app-cifsd: has no/multi config file(s), skipping...[0m
[41;37m./luci-app-cifsd: has no/multi config file(s), skipping...[0m
[41;37m./luci-app-cifsd: has no/multi config file(s), skipping...[0m
[41;37m./luci-app-cifsd: has no/multi config file(s), skipping...[0m
[41;37m./luci-app-ddnsto: has no/multi config file(s), skipping...[0m
[41;37m./luci-app-ddnsto: has no/multi config file(s), skipping...[0m
[41;37m./luci-app-ddnsto: has no/multi config file(s), skipping...[0m
[41;37m./luci-app-ddnsto: has no/multi config file(s), skipping...[0m
[41;37m./luci-app-ddnsto: has no/multi config file(s), skipping...[0m
[41;37m./luci-app-diskman: has no/multi config file(s), skipping...[0m
[41;37m./luci-app-diskman: has no/multi config file(s), skipping...[0m
[41;37m./luci-app-dnscrypt-proxy2: has no/multi config file(s), skipping...[0m
[41;37m./luci-app-dnscrypt-proxy2: has no/multi config file(s), skipping...[0m
[41;37m./luci-app-dnscrypt-proxy2: has no/multi config file(s), skipping...[0m
[41;37m./luci-app-dnscrypt-proxy2: has no/multi config file(s), skipping...[0m
[41;37m./luci-app-dnscrypt-proxy2: has no/multi config file(s), skipping...[0m
[41;37m./luci-app-dnscrypt-proxy2: has no/multi config file(s), skipping...[0m
[41;37m./luci-app-dnsmasq-ipset: has no/multi config file(s), skipping...[0m
[41;37m./luci-app-dnsmasq-ipset: has no/multi config file(s), skipping...[0m
[41;37m./luci-app-dnsmasq-ipset: has no/multi config file(s), skipping...[0m
[41;37m./luci-app-dnsmasq-ipset: has no/multi config file(s), skipping...[0m
[41;37m./luci-app-dnsmasq-ipset: has no/multi config file(s), skipping...[0m
[41;37m./luci-app-dnsmasq-ipset: has no/multi config file(s), skipping...[0m
[41;37m./luci-app-dnsmasq-ipset: has no/multi config file(s), skipping...[0m
[41;37m./luci-app-fileassistant: has no/multi config file(s), skipping...[0m
[41;37m./luci-app-fileassistant: has no/multi config file(s), skipping...[0m
[41;37m./luci-app-fileassistant: has no/multi config file(s), skipping...[0m
[41;37m./luci-app-fileassistant: has no/multi config file(s), skipping...[0m
[41;37m./luci-app-filetransfer: has no/multi config file(s), skipping...[0m
[41;37m./luci-app-filetransfer: has no/multi config file(s), skipping...[0m
[41;37m./luci-app-filetransfer: has no/multi config file(s), skipping...[0m
[41;37m./luci-app-filetransfer: has no/multi config file(s), skipping...[0m
[41;37m./luci-app-koolproxyR: has no/multi config file(s), skipping...[0m
[41;37m./luci-app-koolproxyR: has no/multi config file(s), skipping...[0m
[41;37m./luci-app-koolproxyR: has no/multi config file(s), skipping...[0m
[41;37m./luci-app-koolproxyR: has no/multi config file(s), skipping...[0m
[41;37m./luci-app-koolproxyR: has no/multi config file(s), skipping...[0m
[41;37m./luci-app-koolproxyR: has no/multi config file(s), skipping...[0m
[41;37m./luci-app-mtwifi: has no/multi config file(s), skipping...[0m
[41;37m./luci-app-mtwifi: has no/multi config file(s), skipping...[0m
[41;37m./luci-app-mtwifi: has no/multi config file(s), skipping...[0m
[41;37m./luci-app-mtwifi: has no/multi config file(s), skipping...[0m
[41;37m./luci-app-netdata: has no/multi config file(s), skipping...[0m
[41;37m./luci-app-netdata: has no/multi config file(s), skipping...[0m
[41;37m./luci-app-netdata: has no/multi config file(s), skipping...[0m
[41;37m./luci-app-netdata: has no/multi config file(s), skipping...[0m
[41;37m./luci-app-netdata: has no/multi config file(s), skipping...[0m
[41;37m./luci-app-netdata: has no/multi config file(s), skipping...[0m
[41;37m./luci-app-nft-qos: has no/multi config file(s), skipping...[0m
[41;37m./luci-app-nft-qos: has no/multi config file(s), skipping...[0m
[41;37m./luci-app-nft-qos: has no/multi config file(s), skipping...[0m
[41;37m./luci-app-nft-qos: has no/multi config file(s), skipping...[0m
[41;37m./luci-app-oaf: has no/multi config file(s), skipping...[0m
[41;37m./luci-app-oaf: has no/multi config file(s), skipping...[0m
[41;37m./luci-app-oaf: has no/multi config file(s), skipping...[0m
[41;37m./luci-app-oaf: has no/multi config file(s), skipping...[0m
[41;37m./luci-app-oaf: has no/multi config file(s), skipping...[0m
[41;37m./luci-app-oaf: has no/multi config file(s), skipping...[0m
[41;37m./luci-app-onliner: has no/multi config file(s), skipping...[0m
[41;37m./luci-app-onliner: has no/multi config file(s), skipping...[0m
[41;37m./luci-app-onliner: has no/multi config file(s), skipping...[0m
[41;37m./luci-app-onliner: has no/multi config file(s), skipping...[0m
[41;37m./luci-app-onliner: has no/multi config file(s), skipping...[0m
[41;37m./luci-app-poweroff: has no/multi config file(s), skipping...[0m
[41;37m./luci-app-poweroff: has no/multi config file(s), skipping...[0m
[41;37m./luci-app-poweroff: has no/multi config file(s), skipping...[0m
[41;37m./luci-app-poweroff: has no/multi config file(s), skipping...[0m
[41;37m./luci-app-poweroff: has no/multi config file(s), skipping...[0m
[41;37m./luci-app-poweroff: has no/multi config file(s), skipping...[0m
[41;37m./luci-app-ramfree: has no/multi config file(s), skipping...[0m
[41;37m./luci-app-ramfree: has no/multi config file(s), skipping...[0m
[41;37m./luci-app-ramfree: has no/multi config file(s), skipping...[0m
[41;37m./luci-app-ramfree: has no/multi config file(s), skipping...[0m
[41;37m./luci-app-smstool: has no/multi config file(s), skipping...[0m
[41;37m./luci-app-smstool: has no/multi config file(s), skipping...[0m
[41;37m./luci-app-smstool: has no/multi config file(s), skipping...[0m
[41;37m./luci-app-sysuh3c: has no/multi config file(s), skipping...[0m
[41;37m./luci-app-sysuh3c: has no/multi config file(s), skipping...[0m
[41;37m./luci-app-sysuh3c: has no/multi config file(s), skipping...[0m
[41;37m./luci-app-terminal: has no/multi config file(s), skipping...[0m
[41;37m./luci-app-terminal: has no/multi config file(s), skipping...[0m
[41;37m./luci-app-terminal: has no/multi config file(s), skipping...[0m
[41;37m./luci-app-terminal: has no/multi config file(s), skipping...[0m
[41;37m./luci-app-terminal: has no/multi config file(s), skipping...[0m
[41;37m./luci-app-ttyd: has no/multi config file(s), skipping...[0m
[41;37m./luci-app-ttyd: has no/multi config file(s), skipping...[0m
[41;37m./luci-app-ttyd: has no/multi config file(s), skipping...[0m
[41;37m./luci-app-ttyd: has no/multi config file(s), skipping...[0m
[41;37m./luci-app-cifsd: has no/multi config file(s), skipping...[0m
[41;37m./luci-app-cifsd: has no/multi config file(s), skipping...[0m
[41;37m./luci-app-cifsd: has no/multi config file(s), skipping...[0m
[41;37m./luci-app-cifsd: has no/multi config file(s), skipping...[0m
[41;37m./luci-app-cifsd: has no/multi config file(s), skipping...[0m
[41;37m./luci-app-ddnsto: has no/multi config file(s), skipping...[0m
[41;37m./luci-app-ddnsto: has no/multi config file(s), skipping...[0m
[41;37m./luci-app-ddnsto: has no/multi config file(s), skipping...[0m
[41;37m./luci-app-ddnsto: has no/multi config file(s), skipping...[0m
[41;37m./luci-app-ddnsto: has no/multi config file(s), skipping...[0m
[41;37m./luci-app-diskman: has no/multi config file(s), skipping...[0m
[41;37m./luci-app-diskman: has no/multi config file(s), skipping...[0m
[41;37m./luci-app-dnscrypt-proxy2: has no/multi config file(s), skipping...[0m
[41;37m./luci-app-dnscrypt-proxy2: has no/multi config file(s), skipping...[0m
[41;37m./luci-app-dnscrypt-proxy2: has no/multi config file(s), skipping...[0m
[41;37m./luci-app-dnscrypt-proxy2: has no/multi config file(s), skipping...[0m
[41;37m./luci-app-dnscrypt-proxy2: has no/multi config file(s), skipping...[0m
[41;37m./luci-app-dnscrypt-proxy2: has no/multi config file(s), skipping...[0m
[41;37m./luci-app-dnsmasq-ipset: has no/multi config file(s), skipping...[0m
[41;37m./luci-app-dnsmasq-ipset: has no/multi config file(s), skipping...[0m
[41;37m./luci-app-dnsmasq-ipset: has no/multi config file(s), skipping...[0m
[41;37m./luci-app-dnsmasq-ipset: has no/multi config file(s), skipping...[0m
[41;37m./luci-app-dnsmasq-ipset: has no/multi config file(s), skipping...[0m
[41;37m./luci-app-dnsmasq-ipset: has no/multi config file(s), skipping...[0m
[41;37m./luci-app-dnsmasq-ipset: has no/multi config file(s), skipping...[0m
[41;37m./luci-app-fileassistant: has no/multi config file(s), skipping...[0m
[41;37m./luci-app-fileassistant: has no/multi config file(s), skipping...[0m
[41;37m./luci-app-fileassistant: has no/multi config file(s), skipping...[0m
[41;37m./luci-app-fileassistant: has no/multi config file(s), skipping...[0m
[41;37m./luci-app-filetransfer: has no/multi config file(s), skipping...[0m
[41;37m./luci-app-filetransfer: has no/multi config file(s), skipping...[0m
[41;37m./luci-app-filetransfer: has no/multi config file(s), skipping...[0m
[41;37m./luci-app-filetransfer: has no/multi config file(s), skipping...[0m
[41;37m./luci-app-koolproxyR: has no/multi config file(s), skipping...[0m
[41;37m./luci-app-koolproxyR: has no/multi config file(s), skipping...[0m
[41;37m./luci-app-koolproxyR: has no/multi config file(s), skipping...[0m
[41;37m./luci-app-koolproxyR: has no/multi config file(s), skipping...[0m
[41;37m./luci-app-koolproxyR: has no/multi config file(s), skipping...[0m
[41;37m./luci-app-koolproxyR: has no/multi config file(s), skipping...[0m
[41;37m./luci-app-mtwifi: has no/multi config file(s), skipping...[0m
[41;37m./luci-app-mtwifi: has no/multi config file(s), skipping...[0m
[41;37m./luci-app-mtwifi: has no/multi config file(s), skipping...[0m
[41;37m./luci-app-mtwifi: has no/multi config file(s), skipping...[0m
[41;37m./luci-app-netdata: has no/multi config file(s), skipping...[0m
[41;37m./luci-app-netdata: has no/multi config file(s), skipping...[0m
[41;37m./luci-app-netdata: has no/multi config file(s), skipping...[0m
[41;37m./luci-app-netdata: has no/multi config file(s), skipping...[0m
[41;37m./luci-app-netdata: has no/multi config file(s), skipping...[0m
[41;37m./luci-app-netdata: has no/multi config file(s), skipping...[0m
[41;37m./luci-app-nft-qos: has no/multi config file(s), skipping...[0m
[41;37m./luci-app-nft-qos: has no/multi config file(s), skipping...[0m
[41;37m./luci-app-nft-qos: has no/multi config file(s), skipping...[0m
[41;37m./luci-app-nft-qos: has no/multi config file(s), skipping...[0m
[41;37m./luci-app-oaf: has no/multi config file(s), skipping...[0m
[41;37m./luci-app-oaf: has no/multi config file(s), skipping...[0m
[41;37m./luci-app-oaf: has no/multi config file(s), skipping...[0m
[41;37m./luci-app-oaf: has no/multi config file(s), skipping...[0m
[41;37m./luci-app-oaf: has no/multi config file(s), skipping...[0m
[41;37m./luci-app-oaf: has no/multi config file(s), skipping...[0m
[41;37m./luci-app-onliner: has no/multi config file(s), skipping...[0m
[41;37m./luci-app-onliner: has no/multi config file(s), skipping...[0m
[41;37m./luci-app-onliner: has no/multi config file(s), skipping...[0m
[41;37m./luci-app-onliner: has no/multi config file(s), skipping...[0m
[41;37m./luci-app-onliner: has no/multi config file(s), skipping...[0m
[41;37m./luci-app-poweroff: has no/multi config file(s), skipping...[0m
[41;37m./luci-app-poweroff: has no/multi config file(s), skipping...[0m
[41;37m./luci-app-poweroff: has no/multi config file(s), skipping...[0m
[41;37m./luci-app-poweroff: has no/multi config file(s), skipping...[0m
[41;37m./luci-app-poweroff: has no/multi config file(s), skipping...[0m
[41;37m./luci-app-poweroff: has no/multi config file(s), skipping...[0m
[41;37m./luci-app-ramfree: has no/multi config file(s), skipping...[0m
[41;37m./luci-app-ramfree: has no/multi config file(s), skipping...[0m
[41;37m./luci-app-ramfree: has no/multi config file(s), skipping...[0m
[41;37m./luci-app-ramfree: has no/multi config file(s), skipping...[0m
[41;37m./luci-app-smstool: has no/multi config file(s), skipping...[0m
[41;37m./luci-app-smstool: has no/multi config file(s), skipping...[0m
[41;37m./luci-app-smstool: has no/multi config file(s), skipping...[0m
[41;37m./luci-app-sysuh3c: has no/multi config file(s), skipping...[0m
[41;37m./luci-app-sysuh3c: has no/multi config file(s), skipping...[0m
[41;37m./luci-app-sysuh3c: has no/multi config file(s), skipping...[0m
[41;37m./luci-app-terminal: has no/multi config file(s), skipping...[0m
[41;37m./luci-app-terminal: has no/multi config file(s), skipping...[0m
[41;37m./luci-app-terminal: has no/multi config file(s), skipping...[0m
[41;37m./luci-app-terminal: has no/multi config file(s), skipping...[0m
[41;37m./luci-app-terminal: has no/multi config file(s), skipping...[0m
[41;37m./luci-app-ttyd: has no/multi config file(s), skipping...[0m
[41;37m./luci-app-ttyd: has no/multi config file(s), skipping...[0m
[41;37m./luci-app-ttyd: has no/multi config file(s), skipping...[0m
[41;37m./luci-app-ttyd: has no/multi config file(s), skipping...[0m
[41;37m./luci-app-cifsd: has no/multi config file(s), skipping...[0m
[41;37m./luci-app-cifsd: has no/multi config file(s), skipping...[0m
[41;37m./luci-app-cifsd: has no/multi config file(s), skipping...[0m
[41;37m./luci-app-cifsd: has no/multi config file(s), skipping...[0m
[41;37m./luci-app-cifsd: has no/multi config file(s), skipping...[0m
[41;37m./luci-app-ddnsto: has no/multi config file(s), skipping...[0m
[41;37m./luci-app-ddnsto: has no/multi config file(s), skipping...[0m
[41;37m./luci-app-ddnsto: has no/multi config file(s), skipping...[0m
[41;37m./luci-app-ddnsto: has no/multi config file(s), skipping...[0m
[41;37m./luci-app-ddnsto: has no/multi config file(s), skipping...[0m
[41;37m./luci-app-diskman: has no/multi config file(s), skipping...[0m
[41;37m./luci-app-diskman: has no/multi config file(s), skipping...[0m
[41;37m./luci-app-dnscrypt-proxy2: has no/multi config file(s), skipping...[0m
[41;37m./luci-app-dnscrypt-proxy2: has no/multi config file(s), skipping...[0m
[41;37m./luci-app-dnscrypt-proxy2: has no/multi config file(s), skipping...[0m
[41;37m./luci-app-dnscrypt-proxy2: has no/multi config file(s), skipping...[0m
[41;37m./luci-app-dnscrypt-proxy2: has no/multi config file(s), skipping...[0m
[41;37m./luci-app-dnscrypt-proxy2: has no/multi config file(s), skipping...[0m
[41;37m./luci-app-dnsmasq-ipset: has no/multi config file(s), skipping...[0m
[41;37m./luci-app-dnsmasq-ipset: has no/multi config file(s), skipping...[0m
[41;37m./luci-app-dnsmasq-ipset: has no/multi config file(s), skipping...[0m
[41;37m./luci-app-dnsmasq-ipset: has no/multi config file(s), skipping...[0m
[41;37m./luci-app-dnsmasq-ipset: has no/multi config file(s), skipping...[0m
[41;37m./luci-app-dnsmasq-ipset: has no/multi config file(s), skipping...[0m
[41;37m./luci-app-dnsmasq-ipset: has no/multi config file(s), skipping...[0m
[41;37m./luci-app-fileassistant: has no/multi config file(s), skipping...[0m
[41;37m./luci-app-fileassistant: has no/multi config file(s), skipping...[0m
[41;37m./luci-app-fileassistant: has no/multi config file(s), skipping...[0m
[41;37m./luci-app-fileassistant: has no/multi config file(s), skipping...[0m
[41;37m./luci-app-filetransfer: has no/multi config file(s), skipping...[0m
[41;37m./luci-app-filetransfer: has no/multi config file(s), skipping...[0m
[41;37m./luci-app-filetransfer: has no/multi config file(s), skipping...[0m
[41;37m./luci-app-filetransfer: has no/multi config file(s), skipping...[0m
[41;37m./luci-app-koolproxyR: has no/multi config file(s), skipping...[0m
[41;37m./luci-app-koolproxyR: has no/multi config file(s), skipping...[0m
[41;37m./luci-app-koolproxyR: has no/multi config file(s), skipping...[0m
[41;37m./luci-app-koolproxyR: has no/multi config file(s), skipping...[0m
[41;37m./luci-app-koolproxyR: has no/multi config file(s), skipping...[0m
[41;37m./luci-app-koolproxyR: has no/multi config file(s), skipping...[0m
[41;37m./luci-app-mtwifi: has no/multi config file(s), skipping...[0m
[41;37m./luci-app-mtwifi: has no/multi config file(s), skipping...[0m
[41;37m./luci-app-mtwifi: has no/multi config file(s), skipping...[0m
[41;37m./luci-app-mtwifi: has no/multi config file(s), skipping...[0m
[41;37m./luci-app-netdata: has no/multi config file(s), skipping...[0m
[41;37m./luci-app-netdata: has no/multi config file(s), skipping...[0m
[41;37m./luci-app-netdata: has no/multi config file(s), skipping...[0m
[41;37m./luci-app-netdata: has no/multi config file(s), skipping...[0m
[41;37m./luci-app-netdata: has no/multi config file(s), skipping...[0m
[41;37m./luci-app-netdata: has no/multi config file(s), skipping...[0m
[41;37m./luci-app-nft-qos: has no/multi config file(s), skipping...[0m
[41;37m./luci-app-nft-qos: has no/multi config file(s), skipping...[0m
[41;37m./luci-app-nft-qos: has no/multi config file(s), skipping...[0m
[41;37m./luci-app-nft-qos: has no/multi config file(s), skipping...[0m
[41;37m./luci-app-oaf: has no/multi config file(s), skipping...[0m
[41;37m./luci-app-oaf: has no/multi config file(s), skipping...[0m
[41;37m./luci-app-oaf: has no/multi config file(s), skipping...[0m
[41;37m./luci-app-oaf: has no/multi config file(s), skipping...[0m
[41;37m./luci-app-oaf: has no/multi config file(s), skipping...[0m
[41;37m./luci-app-oaf: has no/multi config file(s), skipping...[0m
[41;37m./luci-app-onliner: has no/multi config file(s), skipping...[0m
[41;37m./luci-app-onliner: has no/multi config file(s), skipping...[0m
[41;37m./luci-app-onliner: has no/multi config file(s), skipping...[0m
[41;37m./luci-app-onliner: has no/multi config file(s), skipping...[0m
[41;37m./luci-app-onliner: has no/multi config file(s), skipping...[0m
[41;37m./luci-app-poweroff: has no/multi config file(s), skipping...[0m
[41;37m./luci-app-poweroff: has no/multi config file(s), skipping...[0m
[41;37m./luci-app-poweroff: has no/multi config file(s), skipping...[0m
[41;37m./luci-app-poweroff: has no/multi config file(s), skipping...[0m
[41;37m./luci-app-poweroff: has no/multi config file(s), skipping...[0m
[41;37m./luci-app-poweroff: has no/multi config file(s), skipping...[0m
[41;37m./luci-app-ramfree: has no/multi config file(s), skipping...[0m
[41;37m./luci-app-ramfree: has no/multi config file(s), skipping...[0m
[41;37m./luci-app-ramfree: has no/multi config file(s), skipping...[0m
[41;37m./luci-app-ramfree: has no/multi config file(s), skipping...[0m
[41;37m./luci-app-smstool: has no/multi config file(s), skipping...[0m
[41;37m./luci-app-smstool: has no/multi config file(s), skipping...[0m
[41;37m./luci-app-smstool: has no/multi config file(s), skipping...[0m
[41;37m./luci-app-sysuh3c: has no/multi config file(s), skipping...[0m
[41;37m./luci-app-sysuh3c: has no/multi config file(s), skipping...[0m
[41;37m./luci-app-sysuh3c: has no/multi config file(s), skipping...[0m
[41;37m./luci-app-terminal: has no/multi config file(s), skipping...[0m
[41;37m./luci-app-terminal: has no/multi config file(s), skipping...[0m
[41;37m./luci-app-terminal: has no/multi config file(s), skipping...[0m
[41;37m./luci-app-terminal: has no/multi config file(s), skipping...[0m
[41;37m./luci-app-terminal: has no/multi config file(s), skipping...[0m
[41;37m./luci-app-ttyd: has no/multi config file(s), skipping...[0m
[41;37m./luci-app-ttyd: has no/multi config file(s), skipping...[0m
[41;37m./luci-app-ttyd: has no/multi config file(s), skipping...[0m
[41;37m./luci-app-ttyd: has no/multi config file(s), skipping...[0m
[41;37m./luci-app-cifsd: has no/multi config file(s), skipping...[0m
[41;37m./luci-app-cifsd: has no/multi config file(s), skipping...[0m
[41;37m./luci-app-cifsd: has no/multi config file(s), skipping...[0m
[41;37m./luci-app-cifsd: has no/multi config file(s), skipping...[0m
[41;37m./luci-app-cifsd: has no/multi config file(s), skipping...[0m
[41;37m./luci-app-ddnsto: has no/multi config file(s), skipping...[0m
[41;37m./luci-app-ddnsto: has no/multi config file(s), skipping...[0m
[41;37m./luci-app-ddnsto: has no/multi config file(s), skipping...[0m
[41;37m./luci-app-ddnsto: has no/multi config file(s), skipping...[0m
[41;37m./luci-app-ddnsto: has no/multi config file(s), skipping...[0m
[41;37m./luci-app-diskman: has no/multi config file(s), skipping...[0m
[41;37m./luci-app-diskman: has no/multi config file(s), skipping...[0m
[41;37m./luci-app-dnscrypt-proxy2: has no/multi config file(s), skipping...[0m
[41;37m./luci-app-dnscrypt-proxy2: has no/multi config file(s), skipping...[0m
[41;37m./luci-app-dnscrypt-proxy2: has no/multi config file(s), skipping...[0m
[41;37m./luci-app-dnscrypt-proxy2: has no/multi config file(s), skipping...[0m
[41;37m./luci-app-dnscrypt-proxy2: has no/multi config file(s), skipping...[0m
[41;37m./luci-app-dnscrypt-proxy2: has no/multi config file(s), skipping...[0m
[41;37m./luci-app-dnsmasq-ipset: has no/multi config file(s), skipping...[0m
[41;37m./luci-app-dnsmasq-ipset: has no/multi config file(s), skipping...[0m
[41;37m./luci-app-dnsmasq-ipset: has no/multi config file(s), skipping...[0m
[41;37m./luci-app-dnsmasq-ipset: has no/multi config file(s), skipping...[0m
[41;37m./luci-app-dnsmasq-ipset: has no/multi config file(s), skipping...[0m
[41;37m./luci-app-dnsmasq-ipset: has no/multi config file(s), skipping...[0m
[41;37m./luci-app-dnsmasq-ipset: has no/multi config file(s), skipping...[0m
[41;37m./luci-app-fileassistant: has no/multi config file(s), skipping...[0m
[41;37m./luci-app-fileassistant: has no/multi config file(s), skipping...[0m
[41;37m./luci-app-fileassistant: has no/multi config file(s), skipping...[0m
[41;37m./luci-app-fileassistant: has no/multi config file(s), skipping...[0m
[41;37m./luci-app-filetransfer: has no/multi config file(s), skipping...[0m
[41;37m./luci-app-filetransfer: has no/multi config file(s), skipping...[0m
[41;37m./luci-app-filetransfer: has no/multi config file(s), skipping...[0m
[41;37m./luci-app-filetransfer: has no/multi config file(s), skipping...[0m
[41;37m./luci-app-koolproxyR: has no/multi config file(s), skipping...[0m
[41;37m./luci-app-koolproxyR: has no/multi config file(s), skipping...[0m
[41;37m./luci-app-koolproxyR: has no/multi config file(s), skipping...[0m
[41;37m./luci-app-koolproxyR: has no/multi config file(s), skipping...[0m
[41;37m./luci-app-koolproxyR: has no/multi config file(s), skipping...[0m
[41;37m./luci-app-koolproxyR: has no/multi config file(s), skipping...[0m
[41;37m./luci-app-mtwifi: has no/multi config file(s), skipping...[0m
[41;37m./luci-app-mtwifi: has no/multi config file(s), skipping...[0m
[41;37m./luci-app-mtwifi: has no/multi config file(s), skipping...[0m
[41;37m./luci-app-mtwifi: has no/multi config file(s), skipping...[0m
[41;37m./luci-app-netdata: has no/multi config file(s), skipping...[0m
[41;37m./luci-app-netdata: has no/multi config file(s), skipping...[0m
[41;37m./luci-app-netdata: has no/multi config file(s), skipping...[0m
[41;37m./luci-app-netdata: has no/multi config file(s), skipping...[0m
[41;37m./luci-app-netdata: has no/multi config file(s), skipping...[0m
[41;37m./luci-app-netdata: has no/multi config file(s), skipping...[0m
[41;37m./luci-app-nft-qos: has no/multi config file(s), skipping...[0m
[41;37m./luci-app-nft-qos: has no/multi config file(s), skipping...[0m
[41;37m./luci-app-nft-qos: has no/multi config file(s), skipping...[0m
[41;37m./luci-app-nft-qos: has no/multi config file(s), skipping...[0m
[41;37m./luci-app-oaf: has no/multi config file(s), skipping...[0m
[41;37m./luci-app-oaf: has no/multi config file(s), skipping...[0m
[41;37m./luci-app-oaf: has no/multi config file(s), skipping...[0m
[41;37m./luci-app-oaf: has no/multi config file(s), skipping...[0m
[41;37m./luci-app-oaf: has no/multi config file(s), skipping...[0m
[41;37m./luci-app-oaf: has no/multi config file(s), skipping...[0m
[41;37m./luci-app-onliner: has no/multi config file(s), skipping...[0m
[41;37m./luci-app-onliner: has no/multi config file(s), skipping...[0m
[41;37m./luci-app-onliner: has no/multi config file(s), skipping...[0m
[41;37m./luci-app-onliner: has no/multi config file(s), skipping...[0m
[41;37m./luci-app-onliner: has no/multi config file(s), skipping...[0m
[41;37m./luci-app-poweroff: has no/multi config file(s), skipping...[0m
[41;37m./luci-app-poweroff: has no/multi config file(s), skipping...[0m
[41;37m./luci-app-poweroff: has no/multi config file(s), skipping...[0m
[41;37m./luci-app-poweroff: has no/multi config file(s), skipping...[0m
[41;37m./luci-app-poweroff: has no/multi config file(s), skipping...[0m
[41;37m./luci-app-poweroff: has no/multi config file(s), skipping...[0m
[41;37m./luci-app-ramfree: has no/multi config file(s), skipping...[0m
[41;37m./luci-app-ramfree: has no/multi config file(s), skipping...[0m
[41;37m./luci-app-ramfree: has no/multi config file(s), skipping...[0m
[41;37m./luci-app-ramfree: has no/multi config file(s), skipping...[0m
[41;37m./luci-app-smstool: has no/multi config file(s), skipping...[0m
[41;37m./luci-app-smstool: has no/multi config file(s), skipping...[0m
[41;37m./luci-app-smstool: has no/multi config file(s), skipping...[0m
[41;37m./luci-app-sysuh3c: has no/multi config file(s), skipping...[0m
[41;37m./luci-app-sysuh3c: has no/multi config file(s), skipping...[0m
[41;37m./luci-app-sysuh3c: has no/multi config file(s), skipping...[0m
[41;37m./luci-app-terminal: has no/multi config file(s), skipping...[0m
[41;37m./luci-app-terminal: has no/multi config file(s), skipping...[0m
[41;37m./luci-app-terminal: has no/multi config file(s), skipping...[0m
[41;37m./luci-app-terminal: has no/multi config file(s), skipping...[0m
[41;37m./luci-app-terminal: has no/multi config file(s), skipping...[0m
[41;37m./luci-app-ttyd: has no/multi config file(s), skipping...[0m
[41;37m./luci-app-ttyd: has no/multi config file(s), skipping...[0m
[41;37m./luci-app-ttyd: has no/multi config file(s), skipping...[0m
[41;37m./luci-app-ttyd: has no/multi config file(s), skipping...[0m
